0 info it worked if it ends with ok
1 verbose cli [
1 verbose cli   'C:\\Program Files\\nodejs\\node.exe',
1 verbose cli   'C:\\Users\\aman1\\AppData\\Roaming\\npm\\node_modules\\npm\\bin\\npm-cli.js',
1 verbose cli   'install',
1 verbose cli   'json-server',
1 verbose cli   '—',
1 verbose cli   'save-dev'
1 verbose cli ]
2 info using npm@3.10.10
3 info using node@v12.13.1
4 silly loadCurrentTree Starting
5 silly install loadCurrentTree
6 silly install readLocalPackageData
7 silly fetchPackageMetaData json-server
8 silly fetchPackageMetaData —
9 silly fetchPackageMetaData save-dev
10 silly fetchNamedPackageData json-server
11 silly mapToRegistry name json-server
12 silly mapToRegistry using default registry
13 silly mapToRegistry registry https://registry.npmjs.org/
14 silly mapToRegistry data Result {
14 silly mapToRegistry   raw: 'json-server',
14 silly mapToRegistry   scope: null,
14 silly mapToRegistry   escapedName: 'json-server',
14 silly mapToRegistry   name: 'json-server',
14 silly mapToRegistry   rawSpec: '',
14 silly mapToRegistry   spec: 'latest',
14 silly mapToRegistry   type: 'tag'
14 silly mapToRegistry }
15 silly mapToRegistry uri https://registry.npmjs.org/json-server
16 silly fetchOtherPackageData —
17 silly cache add args [ '—', null ]
18 verbose cache add spec —
19 silly fetchNamedPackageData save-dev
20 silly mapToRegistry name save-dev
21 silly mapToRegistry using default registry
22 silly mapToRegistry registry https://registry.npmjs.org/
23 silly mapToRegistry data Result {
23 silly mapToRegistry   raw: 'save-dev',
23 silly mapToRegistry   scope: null,
23 silly mapToRegistry   escapedName: 'save-dev',
23 silly mapToRegistry   name: 'save-dev',
23 silly mapToRegistry   rawSpec: '',
23 silly mapToRegistry   spec: 'latest',
23 silly mapToRegistry   type: 'tag'
23 silly mapToRegistry }
24 silly mapToRegistry uri https://registry.npmjs.org/save-dev
25 verbose request uri https://registry.npmjs.org/json-server
26 verbose request no auth needed
27 info attempt registry request try #1 at 2:04:39 PM
28 verbose request using bearer token for auth
29 verbose request id eb06f3e15b2ff651
30 http request GET https://registry.npmjs.org/json-server
31 silly cache add parsed spec Result {
31 silly cache add   raw: '—',
31 silly cache add   scope: null,
31 silly cache add   escapedName: null,
31 silly cache add   name: null,
31 silly cache add   rawSpec: '—',
31 silly cache add   spec: 'C:\\Users\\aman1\\phonebook\\—',
31 silly cache add   type: 'local'
31 silly cache add }
32 info retry will retry, error on last attempt: TypeError [ERR_INVALID_CHAR]: Invalid character in header content ["referer"]
33 verbose request uri https://registry.npmjs.org/save-dev
34 verbose request no auth needed
35 info attempt registry request try #1 at 2:04:39 PM
36 verbose request using bearer token for auth
37 http request GET https://registry.npmjs.org/save-dev
38 error addLocal Could not install C:\Users\aman1\phonebook\—
39 silly fetchPackageMetaData Error: ENOENT: no such file or directory, open 'C:\Users\aman1\phonebook\—'
39 silly fetchPackageMetaData  error for — [Error: ENOENT: no such file or directory, open 'C:\Users\aman1\phonebook\—'] {
39 silly fetchPackageMetaData   errno: -4058,
39 silly fetchPackageMetaData   code: 'ENOENT',
39 silly fetchPackageMetaData   syscall: 'open',
39 silly fetchPackageMetaData   path: 'C:\\Users\\aman1\\phonebook\\—'
39 silly fetchPackageMetaData }
40 info retry will retry, error on last attempt: TypeError [ERR_INVALID_CHAR]: Invalid character in header content ["referer"]
41 info attempt registry request try #2 at 2:04:49 PM
42 verbose request using bearer token for auth
43 http request GET https://registry.npmjs.org/json-server
44 info retry will retry, error on last attempt: TypeError [ERR_INVALID_CHAR]: Invalid character in header content ["referer"]
45 info attempt registry request try #2 at 2:04:49 PM
46 verbose request using bearer token for auth
47 http request GET https://registry.npmjs.org/save-dev
48 info retry will retry, error on last attempt: TypeError [ERR_INVALID_CHAR]: Invalid character in header content ["referer"]
49 info attempt registry request try #3 at 2:05:49 PM
50 verbose request using bearer token for auth
51 http request GET https://registry.npmjs.org/json-server
52 info attempt registry request try #3 at 2:05:49 PM
53 verbose request using bearer token for auth
54 http request GET https://registry.npmjs.org/save-dev
55 silly fetchPackageMetaData TypeError [ERR_INVALID_CHAR]: Invalid character in header content ["referer"]
55 silly fetchPackageMetaData     at ClientRequest.setHeader (_http_outgoing.js:488:3)
55 silly fetchPackageMetaData     at new ClientRequest (_http_client.js:221:14)
55 silly fetchPackageMetaData     at Object.request (https.js:309:10)
55 silly fetchPackageMetaData     at Request.start (C:\Users\aman1\AppData\Roaming\npm\node_modules\npm\node_modules\request\request.js:740:32)
55 silly fetchPackageMetaData     at Request.end (C:\Users\aman1\AppData\Roaming\npm\node_modules\npm\node_modules\request\request.js:1398:10)
55 silly fetchPackageMetaData     at end (C:\Users\aman1\AppData\Roaming\npm\node_modules\npm\node_modules\request\request.js:567:14)
55 silly fetchPackageMetaData     at Immediate._onImmediate (C:\Users\aman1\AppData\Roaming\npm\node_modules\npm\node_modules\request\request.js:581:7)
55 silly fetchPackageMetaData     at processImmediate (internal/timers.js:439:21)
55 silly fetchPackageMetaData  error for json-server TypeError [ERR_INVALID_CHAR]: Invalid character in header content ["referer"]
55 silly fetchPackageMetaData     at ClientRequest.setHeader (_http_outgoing.js:488:3)
55 silly fetchPackageMetaData     at new ClientRequest (_http_client.js:221:14)
55 silly fetchPackageMetaData     at Object.request (https.js:309:10)
55 silly fetchPackageMetaData     at Request.start (C:\Users\aman1\AppData\Roaming\npm\node_modules\npm\node_modules\request\request.js:740:32)
55 silly fetchPackageMetaData     at Request.end (C:\Users\aman1\AppData\Roaming\npm\node_modules\npm\node_modules\request\request.js:1398:10)
55 silly fetchPackageMetaData     at end (C:\Users\aman1\AppData\Roaming\npm\node_modules\npm\node_modules\request\request.js:567:14)
55 silly fetchPackageMetaData     at Immediate._onImmediate (C:\Users\aman1\AppData\Roaming\npm\node_modules\npm\node_modules\request\request.js:581:7)
55 silly fetchPackageMetaData     at processImmediate (internal/timers.js:439:21) {
55 silly fetchPackageMetaData   code: 'ERR_INVALID_CHAR'
55 silly fetchPackageMetaData }
56 silly fetchPackageMetaData TypeError [ERR_INVALID_CHAR]: Invalid character in header content ["referer"]
56 silly fetchPackageMetaData     at ClientRequest.setHeader (_http_outgoing.js:488:3)
56 silly fetchPackageMetaData     at new ClientRequest (_http_client.js:221:14)
56 silly fetchPackageMetaData     at Object.request (https.js:309:10)
56 silly fetchPackageMetaData     at Request.start (C:\Users\aman1\AppData\Roaming\npm\node_modules\npm\node_modules\request\request.js:740:32)
56 silly fetchPackageMetaData     at Request.end (C:\Users\aman1\AppData\Roaming\npm\node_modules\npm\node_modules\request\request.js:1398:10)
56 silly fetchPackageMetaData     at end (C:\Users\aman1\AppData\Roaming\npm\node_modules\npm\node_modules\request\request.js:567:14)
56 silly fetchPackageMetaData     at Immediate._onImmediate (C:\Users\aman1\AppData\Roaming\npm\node_modules\npm\node_modules\request\request.js:581:7)
56 silly fetchPackageMetaData     at processImmediate (internal/timers.js:439:21)
56 silly fetchPackageMetaData  error for save-dev TypeError [ERR_INVALID_CHAR]: Invalid character in header content ["referer"]
56 silly fetchPackageMetaData     at ClientRequest.setHeader (_http_outgoing.js:488:3)
56 silly fetchPackageMetaData     at new ClientRequest (_http_client.js:221:14)
56 silly fetchPackageMetaData     at Object.request (https.js:309:10)
56 silly fetchPackageMetaData     at Request.start (C:\Users\aman1\AppData\Roaming\npm\node_modules\npm\node_modules\request\request.js:740:32)
56 silly fetchPackageMetaData     at Request.end (C:\Users\aman1\AppData\Roaming\npm\node_modules\npm\node_modules\request\request.js:1398:10)
56 silly fetchPackageMetaData     at end (C:\Users\aman1\AppData\Roaming\npm\node_modules\npm\node_modules\request\request.js:567:14)
56 silly fetchPackageMetaData     at Immediate._onImmediate (C:\Users\aman1\AppData\Roaming\npm\node_modules\npm\node_modules\request\request.js:581:7)
56 silly fetchPackageMetaData     at processImmediate (internal/timers.js:439:21) {
56 silly fetchPackageMetaData   code: 'ERR_INVALID_CHAR'
56 silly fetchPackageMetaData }
57 silly rollbackFailedOptional Starting
58 silly rollbackFailedOptional Finishing
59 silly runTopLevelLifecycles Finishing
60 silly install printInstalled
61 verbose stack Error: ENOENT: no such file or directory, open 'C:\Users\aman1\phonebook\—'
62 verbose cwd C:\Users\aman1\phonebook
63 error Windows_NT 10.0.18363
64 error argv "C:\\Program Files\\nodejs\\node.exe" "C:\\Users\\aman1\\AppData\\Roaming\\npm\\node_modules\\npm\\bin\\npm-cli.js" "install" "json-server" "—" "save-dev"
65 error node v12.13.1
66 error npm  v3.10.10
67 error path C:\Users\aman1\phonebook\—
68 error code ENOENT
69 error errno -4058
70 error syscall open
71 error enoent ENOENT: no such file or directory, open 'C:\Users\aman1\phonebook\—'
72 error enoent ENOENT: no such file or directory, open 'C:\Users\aman1\phonebook\—'
72 error enoent This is most likely not a problem with npm itself
72 error enoent and is related to npm not being able to find a file.
73 verbose exit [ -4058, true ]
